<?xml version="1.0" encoding="UTF-8"?>
<testng-results skipped="0" failed="0" total="1" passed="1">
  <reporter-output>
  </reporter-output>
  <suite name="Suite" duration-ms="34632" started-at="2017-06-20T05:31:47Z" finished-at="2017-06-20T05:32:21Z">
    <groups>
    </groups>
    <test name="Test" duration-ms="34632" started-at="2017-06-20T05:31:47Z" finished-at="2017-06-20T05:32:21Z">
      <class name="com.baidumap.MapTest01">
        <test-method status="PASS" signature="beforeClass()[pri:0, instance:com.baidumap.MapTest01@6f7fd0e6]" name="beforeClass" is-config="true" duration-ms="4696" started-at="2017-06-20T13:31:47Z" finished-at="2017-06-20T13:31:51Z">
          <reporter-output>
          </reporter-output>
        </test-method> <!-- beforeClass -->
        <test-method status="PASS" signature="verifySearchButton()[pri:0, instance:com.baidumap.MapTest01@6f7fd0e6]" name="verifySearchButton" duration-ms="29112" started-at="2017-06-20T13:31:51Z" finished-at="2017-06-20T13:32:21Z">
          <reporter-output>
          </reporter-output>
        </test-method> <!-- verifySearchButton -->
        <test-method status="PASS" signature="afterClass()[pri:0, instance:com.baidumap.MapTest01@6f7fd0e6]" name="afterClass" is-config="true" duration-ms="812" started-at="2017-06-20T13:32:21Z" finished-at="2017-06-20T13:32:21Z">
          <reporter-output>
          </reporter-output>
        </test-method> <!-- afterClass -->
      </class> <!-- com.baidumap.MapTest01 -->
    </test> <!-- Test -->
  </suite> <!-- Suite -->
</testng-results>
